0 silly argv {
0 silly argv   _: [ 'run' ],
0 silly argv   scope: [ 'jitar', 'create-jitar', '@jitar/plugin*' ],
0 silly argv   lernaVersion: '8.1.2',
0 silly argv   '$0': '/Users/petervanvliet/Documents/Masking/Development/Runtime/node_modules/.bin/lerna',
0 silly argv   script: 'build'
0 silly argv }
1 notice cli v8.1.2
2 verbose packageConfigs Resolving packages based on package.json "workspaces" configuration.
3 verbose rootPath /Users/petervanvliet/Documents/Masking/Development/Runtime
4 error Failed to process project graph.
4 error   The "nx/core/package-json-workspaces" plugin threw an error while creating nodes from packages/server-nodejs/package.json:
4 error     Error: ENOENT: no such file or directory, open '/Users/petervanvliet/Documents/Masking/Development/Runtime/packages/server-nodejs/package.json'
4 error         at readFileSync (node:fs:453:20)
4 error         at readJsonFile (/Users/petervanvliet/Documents/Masking/Development/Runtime/node_modules/nx/src/utils/fileutils.js:17:43)
4 error         at createNodeFromPackageJson (/Users/petervanvliet/Documents/Masking/Development/Runtime/node_modules/nx/src/plugins/package-json-workspaces/create-nodes.js:40:47)
4 error         at exports.createNodes (/Users/petervanvliet/Documents/Masking/Development/Runtime/node_modules/nx/src/plugins/package-json-workspaces/create-nodes.js:33:20)
4 error         at /Users/petervanvliet/Documents/Masking/Development/Runtime/node_modules/nx/src/project-graph/plugins/utils.js:49:54
4 error         at Array.map (<anonymous>)
4 error         at runCreateNodesInParallel (/Users/petervanvliet/Documents/Masking/Development/Runtime/node_modules/nx/src/project-graph/plugins/utils.js:46:34)
4 error         at LoadedNxPlugin.createNodes (/Users/petervanvliet/Documents/Masking/Development/Runtime/node_modules/nx/src/project-graph/plugins/internal-api.js:23:74)
4 error         at createProjectConfigurations (/Users/petervanvliet/Documents/Masking/Development/Runtime/node_modules/nx/src/project-graph/utils/project-configuration-utils.js:251:17)
4 error         at retrieveProjectConfigurations (/Users/petervanvliet/Documents/Masking/Development/Runtime/node_modules/nx/src/project-graph/utils/retrieve-workspace-files.js:42:74)
4 error ProjectsWithNoNameError: The projects in the following directories have no name provided:
4 error     - packages/server-nodejs
4 error       at readProjectConfigurationsFromRootMap (/Users/petervanvliet/Documents/Masking/Development/Runtime/node_modules/nx/src/project-graph/utils/project-configuration-utils.js:376:15)
4 error       at /Users/petervanvliet/Documents/Masking/Development/Runtime/node_modules/nx/src/project-graph/utils/project-configuration-utils.js:301:13
4 error       at async processFilesAndCreateAndSerializeProjectGraph (/Users/petervanvliet/Documents/Masking/Development/Runtime/node_modules/nx/src/daemon/server/project-graph-incremental-recomputation.js:148:43)
